* Starting client
* Connecting to master process on port 18024
* Analyzing classpath: 
  - /Users/satyashodhanagaddam/Desktop/Pat_EvoSuite/target/classes
  - /Users/satyashodhanagaddam/.m2/repository/junit/junit/4.12/junit-4.12.jar
  - /Users/satyashodhanagaddam/.m2/repository/org/hamcrest/hamcrest-core/1.3/hamcrest-core-1.3.jar
* Finished analyzing classpath
* Generating tests for class AVLTree
* Test criteria:
  - Line Coverage
  - Branch Coverage
  - Exception
  - Mutation testing (weak)
  - Method-Output Coverage
  - Top-Level Method Coverage
  - No-Exception Top-Level Method Coverage
  - Context Branch Coverage
* Setting up search algorithm for whole suite generation
* Loaded 35 tests from /Users/satyashodhanagaddam/Desktop/Pat_EvoSuite/.evosuite/evosuite-seeds/AVLTree.seed
* Total number of test goals: 
  - Line 73
  - Branch 48
  - Exception 0
  - MutationFactory 177
  - Output 10
  - Method 8
  - MethodNoException 8
  - CBranchFitnessFactory 48
* Using seed 1650139717616
* Starting evolution
* Search finished after 68s and 14 generations, 8282 statements, best individual has fitness: 24.666666666666668
* Writing sequences to pool
* Minimizing test suite
[MASTER] 15:10:05.070 [pool-2-thread-1] WARN  TestSuiteMinimizer - Minimization timeout. Roll back to original test suite
[MASTER] 15:10:05.081 [pool-2-thread-1] WARN  TimeController - Phase MINIMIZATION lasted too long, 1 seconds more than allowed.
* Going to analyze the coverage criteria
* Coverage analysis for criterion LINE
* Coverage of criterion LINE: 100%
* Total number of goals: 73
* Number of covered goals: 73
* Coverage analysis for criterion BRANCH
* Coverage of criterion BRANCH: 98%
* Total number of goals: 48
* Number of covered goals: 47
* Coverage analysis for criterion EXCEPTION
* Coverage of criterion EXCEPTION: 100%
* Total number of goals: 5
* Number of covered goals: 5
* Coverage analysis for criterion WEAKMUTATION
* Coverage of criterion WEAKMUTATION: 97%
* Total number of goals: 177
* Number of covered goals: 172
* Coverage analysis for criterion OUTPUT
* Coverage of criterion OUTPUT: 100%
* Total number of goals: 10
* Number of covered goals: 10
* Coverage analysis for criterion METHOD
* Coverage of criterion METHOD: 100%
* Total number of goals: 8
* Number of covered goals: 8
* Coverage analysis for criterion METHODNOEXCEPTION
* Coverage of criterion METHODNOEXCEPTION: 100%
* Total number of goals: 8
* Number of covered goals: 8
* Coverage analysis for criterion CBRANCH
* Coverage of criterion CBRANCH: 58%
* Total number of goals: 48
* Number of covered goals: 28
* Generated 16 tests with total length 208
* Resulting test suite's coverage: 94% (average coverage for all fitness functions)
* Generating assertions
[MASTER] 15:10:11.400 [pool-2-thread-1] WARN  SimpleMutationAssertionGenerator - Assertion minimization is taking too long (0.6882222222222222% of time used, but only 6/16 tests minimized), falling back to using all assertions
* Resulting test suite's mutation score: 68%
* Compiling and checking tests
* Writing JUnit test case 'AVLTree_ESTest' to /Users/satyashodhanagaddam/Desktop/Pat_EvoSuite/.evosuite/tmp_2022_04_16_15_08_34/tests
* Done!

