* Starting client
* Connecting to master process on port 15678
* Analyzing classpath: 
  - /Users/satyashodhanagaddam/Desktop/Pat_EvoSuite/target/test-classes
  - /Users/satyashodhanagaddam/Desktop/Pat_EvoSuite/target/classes
  - /Users/satyashodhanagaddam/.m2/repository/junit/junit/4.12/junit-4.12.jar
  - /Users/satyashodhanagaddam/.m2/repository/org/hamcrest/hamcrest-core/1.3/hamcrest-core-1.3.jar
* Finished analyzing classpath
* Generating tests for class AVLTree
* Test criteria:
  - Line Coverage
  - Branch Coverage
  - Exception
  - Mutation testing (weak)
  - Method-Output Coverage
  - Top-Level Method Coverage
  - No-Exception Top-Level Method Coverage
  - Context Branch Coverage
* Setting up search algorithm for whole suite generation
[MASTER] 14:44:15.216 [pool-2-thread-1] WARN  TestSuiteSerialization - Cannot load tests because file does not exist: /Users/satyashodhanagaddam/Desktop/Pat_EvoSuite/.evosuite/evosuite-seeds/AVLTree.seed
* Loaded 0 tests from /Users/satyashodhanagaddam/Desktop/Pat_EvoSuite/.evosuite/evosuite-seeds/AVLTree.seed
* Total number of test goals: 
  - Line 73
  - Branch 48
  - Exception 0
  - MutationFactory 177
  - Output 10
  - Method 8
  - MethodNoException 8
  - CBranchFitnessFactory 48
* Using seed 1650138252604
* Starting evolution
* Search finished after 68s and 164 generations, 76829 statements, best individual has fitness: 24.7
* Writing sequences to pool
* Minimizing test suite
[MASTER] 14:45:40.948 [pool-2-thread-1] WARN  TestSuiteMinimizer - Minimization timeout. Roll back to original test suite
[MASTER] 14:45:40.956 [pool-2-thread-1] WARN  TimeController - Phase MINIMIZATION lasted too long, 1 seconds more than allowed.
* Going to analyze the coverage criteria
* Coverage analysis for criterion LINE
* Coverage of criterion LINE: 100%
* Total number of goals: 73
* Number of covered goals: 73
* Coverage analysis for criterion BRANCH
* Coverage of criterion BRANCH: 98%
* Total number of goals: 48
* Number of covered goals: 47
* Coverage analysis for criterion EXCEPTION
* Coverage of criterion EXCEPTION: 100%
* Total number of goals: 4
* Number of covered goals: 4
* Coverage analysis for criterion WEAKMUTATION
* Coverage of criterion WEAKMUTATION: 97%
* Total number of goals: 177
* Number of covered goals: 172
* Coverage analysis for criterion OUTPUT
* Coverage of criterion OUTPUT: 100%
* Total number of goals: 10
* Number of covered goals: 10
* Coverage analysis for criterion METHOD
* Coverage of criterion METHOD: 100%
* Total number of goals: 8
* Number of covered goals: 8
* Coverage analysis for criterion METHODNOEXCEPTION
* Coverage of criterion METHODNOEXCEPTION: 100%
* Total number of goals: 8
* Number of covered goals: 8
* Coverage analysis for criterion CBRANCH
* Coverage of criterion CBRANCH: 58%
* Total number of goals: 48
* Number of covered goals: 28
* Generated 35 tests with total length 324
* Resulting test suite's coverage: 94% (average coverage for all fitness functions)
* Generating assertions
[MASTER] 14:45:52.398 [pool-2-thread-1] WARN  SimpleMutationAssertionGenerator - Reached maximum time to generate assertions, aborting assertion generation
* Resulting test suite's mutation score: 75%
* Compiling and checking tests
[MASTER] 14:45:52.460 [pool-2-thread-1] WARN  TimeController - Phase ASSERTION_GENERATION lasted too long, 2 seconds more than allowed.
* Writing JUnit test case 'AVLTree_ESTest' to /Users/satyashodhanagaddam/Desktop/Pat_EvoSuite/.evosuite/tmp_2022_04_16_14_44_09/tests
* Done!

